composeApp/build/outputs/mapping/release/seeds.txt
org.example.weathercrossplatform.MainActivity
org.example.weathercrossplatform.domain.models.Location
org.example.weathercrossplatform.domain.models.PhotoData
org.example.weathercrossplatform.MyApp
org.example.weathercrossplatform.domain.models.Forecast
org.example.weathercrossplatform.domain.models.Routes$MainScreenRoute
org.example.weathercrossplatform.domain.models.Hour
org.example.weathercrossplatform.data.network.dto.ImageListDto
org.example.weathercrossplatform.domain.models.Current
org.example.weathercrossplatform.domain.models.Day
org.example.weathercrossplatform.domain.models.Routes$SearchScreenRoute
org.example.weathercrossplatform.data.database.WeatherDataBase_Impl
org.example.weathercrossplatform.domain.models.AirQuality
org.example.weathercrossplatform.domain.models.Forecastday
org.example.weathercrossplatform.domain.models.Condition
org.example.weathercrossplatform.domain.models.Urls
org.example.weathercrossplatform.data.database.WeatherDataBase
org.example.weathercrossplatform.domain.models.Astro
org.example.weathercrossplatform.data.network.dto.ForecastDto
org.example.weathercrossplatform.domain.models.Current$$serializer: kotlinx.serialization.descriptors.SerialDescriptor descriptor
org.example.weathercrossplatform.domain.models.Current: org.example.weathercrossplatform.domain.models.Current$Companion Companion
org.example.weathercrossplatform.domain.models.Routes$MainScreenRoute$$serializer: kotlinx.serialization.descriptors.SerialDescriptor descriptor
org.example.weathercrossplatform.domain.models.Hour: org.example.weathercrossplatform.domain.models.Hour$Companion Companion
org.example.weathercrossplatform.data.network.dto.ForecastDto: org.example.weathercrossplatform.data.network.dto.ForecastDto$Companion Companion
org.example.weathercrossplatform.domain.models.Forecastday$$serializer: kotlinx.serialization.descriptors.SerialDescriptor descriptor
org.example.weathercrossplatform.domain.models.Forecast$$serializer: kotlinx.serialization.descriptors.SerialDescriptor descriptor
org.example.weathercrossplatform.domain.models.Day: org.example.weathercrossplatform.domain.models.Day$Companion Companion
org.example.weathercrossplatform.data.network.dto.ForecastDto$$serializer: kotlinx.serialization.descriptors.SerialDescriptor descriptor
org.example.weathercrossplatform.data.network.dto.ImageListDto: org.example.weathercrossplatform.data.network.dto.ImageListDto$Companion Companion
org.example.weathercrossplatform.domain.models.AirQuality: org.example.weathercrossplatform.domain.models.AirQuality$Companion Companion
org.example.weathercrossplatform.data.network.dto.ImageListDto$$serializer: kotlinx.serialization.descriptors.SerialDescriptor descriptor
org.example.weathercrossplatform.domain.models.Location: org.example.weathercrossplatform.domain.models.Location$Companion Companion
org.example.weathercrossplatform.domain.models.Forecast: org.example.weathercrossplatform.domain.models.Forecast$Companion Companion
org.example.weathercrossplatform.domain.models.Routes$MainScreenRoute: org.example.weathercrossplatform.domain.models.Routes$MainScreenRoute$Companion Companion
org.example.weathercrossplatform.domain.models.Urls: org.example.weathercrossplatform.domain.models.Urls$Companion Companion
org.example.weathercrossplatform.domain.models.Condition$$serializer: kotlinx.serialization.descriptors.SerialDescriptor descriptor
org.example.weathercrossplatform.domain.models.Condition: org.example.weathercrossplatform.domain.models.Condition$Companion Companion
org.example.weathercrossplatform.domain.models.AirQuality$$serializer: kotlinx.serialization.descriptors.SerialDescriptor descriptor
org.example.weathercrossplatform.domain.models.Day$$serializer: kotlinx.serialization.descriptors.SerialDescriptor descriptor
org.example.weathercrossplatform.domain.models.Routes$SearchScreenRoute$$serializer: kotlinx.serialization.descriptors.SerialDescriptor descriptor
...
com.google.firebase.sessions.EventType: com.google.firebase.sessions.EventType valueOf(java.lang.String)
androidx.compose.ui.platform.AndroidComposeView: androidx.compose.ui.text.font.Font$ResourceLoader getFontLoader()
androidx.core.view.ViewCompat$Api21Impl: void callCompatInsetAnimationCallback(android.view.WindowInsets,android.view.View)
com.google.firebase.datatransport.TransportRegistrar: com.google.android.datatransport.TransportFactory lambda$getComponents$1(com.google.firebase.components.ComponentContainer)
androidx.appcompat.widget.AppCompatAutoCompleteTextView: void setSupportBackgroundTintMode(android.graphics.PorterDuff$Mode)
androidx.core.view.WindowInsetsCompat$BuilderImpl: androidx.core.view.WindowInsetsCompat build()
androidx.vectordrawable.graphics.drawable.VectorDrawableCompat$VectorDrawableCompatState: int getChangingConfigurations()
androidx.core.view.WindowInsetsCompat$BuilderImpl30: WindowInsetsCompat$BuilderImpl30(androidx.core.view.WindowInsetsCompat)
androidx.vectordrawable.graphics.drawable.VectorDrawableCompat$VFullPath: float getTrimPathOffset()
androidx.fragment.app.FragmentContainerView: void setOnApplyWindowInsetsListener(android.view.View$OnApplyWindowInsetsListener)
android.support.v4.app.RemoteActionCompatParcelizer: void write(androidx.core.app.RemoteActionCompat,androidx.versionedparcelable.VersionedParcel)
androidx.appcompat.widget.Toolbar: android.graphics.drawable.Drawable getCollapseIcon()
androidx.appcompat.widget.SearchView$Api29Impl: void setInputMethodMode(androidx.appcompat.widget.SearchView$SearchAutoComplete,int)
androidx.core.view.WindowInsetsCompat$BuilderImpl: WindowInsetsCompat$BuilderImpl()
androidx.appcompat.widget.ViewStubCompat: int getLayoutResource()
androidx.appcompat.widget.ViewStubCompat: void setLayoutResource(int)
androidx.core.view.WindowInsetsCompat$Impl: androidx.core.view.WindowInsetsCompat consumeStableInsets()
androidx.compose.ui.platform.AndroidComposeView: void setFontFamilyResolver(androidx.compose.ui.text.font.FontFamily$Resolver)
androidx.core.view.ViewCompat$Api28Impl: void setAccessibilityHeading(android.view.View,boolean)
com.google.android.datatransport.cct.internal.NetworkConnectionInfo$NetworkType: com.google.android.datatransport.cct.internal.NetworkConnectionInfo$NetworkType valueOf(java.lang.String)
androidx.appcompat.widget.AppCompatImageView: void setSupportImageTintList(android.content.res.ColorStateList)
androidx.core.view.WindowInsetsCompat$Impl21: boolean isConsumed()
androidx.compose.ui.layout.IntrinsicWidthHeight: androidx.compose.ui.layout.IntrinsicWidthHeight valueOf(java.lang.String)
android.support.v4.graphics.drawable.IconCompatParcelizer: androidx.core.graphics.drawable.IconCompat read(androidx.versionedparcelable.VersionedParcel)
androidx.appcompat.widget.AppCompatTextView: androidx.appcompat.widget.AppCompatEmojiTextHelper getEmojiTextViewHelper()
androidx.datastore.preferences.protobuf.JavaType: androidx.datastore.preferences.protobuf.JavaType[] values()
com.google.firebase.datatransport.TransportRegistrar: com.google.android.datatransport.TransportFactory lambda$getComponents$0(com.google.firebase.components.ComponentContainer)
androidx.lifecycle.ProcessLifecycleOwner$attach$1: void onActivityPreCreated(android.app.Activity,android.os.Bundle)
org.koin.core.definition.Kind: org.koin.core.definition.Kind[] values()
androidx.core.view.WindowInsetsCompat$BuilderImpl: void setInsets(int,androidx.core.graphics.Insets)
androidx.appcompat.widget.LinearLayoutCompat: int getGravity()
androidx.appcompat.view.menu.ActionMenuItemView: void setIcon(android.graphics.drawable.Drawable)
androidx.appcompat.widget.Toolbar: void setBackInvokedCallbackEnabled(boolean)
androidx.vectordrawable.graphics.drawable.VectorDrawableCompat$VPathRenderer: void setRootAlpha(int)
com.google.android.datatransport.runtime.backends.BackendResponse$Status: com.google.android.datatransport.runtime.backends.BackendResponse$Status[] values()