composeApp/build/outputs/mapping/release/usage.txt
org.example.weathercrossplatform.R$drawable
org.example.weathercrossplatform.R$mipmap
org.example.weathercrossplatform.R$string
org.example.weathercrossplatform.R
org.example.weathercrossplatform.data.database.AppDatabaseConstructor
org.example.weathercrossplatform.data.database.SavedWeatherItem:
    public static final int $stable
    public final java.lang.String component1()
    public final java.lang.Integer component2()
    public final double component3()
    public final java.lang.String component4()
    public final double component5()
    public final double component6()
    public final java.lang.String component7()
    public final boolean component8()
    public final org.example.weathercrossplatform.data.database.SavedWeatherItem copy(java.lang.String,java.lang.Integer,double,java.lang.String,double,double,java.lang.String,boolean)
    public static synthetic org.example.weathercrossplatform.data.database.SavedWeatherItem copy$default(org.example.weathercrossplatform.data.database.SavedWeatherItem,java.lang.String,java.lang.Integer,double,java.lang.String,double,double,java.lang.String,boolean,int,java.lang.Object)
org.example.weathercrossplatform.data.database.WeatherDataBase_Impl:
    public void clearAllTables()
org.example.weathercrossplatform.data.locale.SystemLocale:
    public static final int $stable
org.example.weathercrossplatform.data.network.dto.ForecastDto:
    public void <init>(org.example.weathercrossplatform.domain.models.Current,org.example.weathercrossplatform.domain.models.Forecast,org.example.weathercrossplatform.domain.models.Location)
    public final org.example.weathercrossplatform.domain.models.Current component1()
    public final org.example.weathercrossplatform.domain.models.Forecast component2()
    public final org.example.weathercrossplatform.domain.models.Location component3()
    public final org.example.weathercrossplatform.data.network.dto.ForecastDto copy(org.example.weathercrossplatform.domain.models.Current,org.example.weathercrossplatform.domain.models.Forecast,org.example.weathercrossplatform.domain.models.Location)
    public static synthetic org.example.weathercrossplatform.data.network.dto.ForecastDto copy$default(org.example.weathercrossplatform.data.network.dto.ForecastDto,org.example.weathercrossplatform.domain.models.Current,org.example.weathercrossplatform.domain.models.Forecast,org.example.weathercrossplatform.domain.models.Location,int,java.lang.Object)
org.example.weathercrossplatform.data.network.dto.ImageListDto:
    public void <init>(java.util.List)
    public final java.util.List component1()
    public final org.example.weathercrossplatform.data.network.dto.ImageListDto copy(java.util.List)
    public static synthetic org.example.weathercrossplatform.data.network.dto.ImageListDto copy$default(org.example.weathercrossplatform.data.network.dto.ImageListDto,java.util.List,int,java.lang.Object)
org.example.weathercrossplatform.data.repo_impl.WeatherRepoImplKt:
    public static final java.lang.String BASE_URL_IMAGES
    public static final java.lang.String BASE_URL_WEATHER
org.example.weathercrossplatform.data.utils.GetScreenHeight:
    public static final int $stable
org.example.weathercrossplatform.data.utils.NetworkError:
    public static kotlin.enums.EnumEntries getEntries()
org.example.weathercrossplatform.data.utils.Result$Error:
    public static final int $stable
    public final org.example.weathercrossplatform.data.utils.Error component1()
    public final org.example.weathercrossplatform.data.utils.Result$Error copy(org.example.weathercrossplatform.data.utils.Error)
    public static synthetic org.example.weathercrossplatform.data.utils.Result$Error copy$default(org.example.weathercrossplatform.data.utils.Result$Error,org.example.weathercrossplatform.data.utils.Error,int,java.lang.Object)
...
androidx.compose.material3.AppBarKt$LargeTopAppBar$1
androidx.compose.material3.AppBarKt$LargeTopAppBar$2
androidx.compose.material3.AppBarKt$MediumTopAppBar$1
androidx.compose.material3.AppBarKt$MediumTopAppBar$2
androidx.compose.material3.AppBarKt$SingleRowTopAppBar$2$1
androidx.compose.material3.AppBarKt$SingleRowTopAppBar$3
androidx.compose.material3.AppBarKt$SingleRowTopAppBar$4
androidx.compose.material3.AppBarKt$SingleRowTopAppBar$actionsRow$1
androidx.compose.material3.AppBarKt$SingleRowTopAppBar$appBarDragModifier$1$1
androidx.compose.material3.AppBarKt$SingleRowTopAppBar$appBarDragModifier$2$1
androidx.compose.material3.AppBarKt$SingleRowTopAppBar$colorTransitionFraction$2$1
androidx.compose.material3.AppBarKt$TopAppBar$1
androidx.compose.material3.AppBarKt$TopAppBar$2
androidx.compose.material3.AppBarKt$TopAppBarLayout$1$2
androidx.compose.material3.AppBarKt$TopAppBarLayout$2$1$1
androidx.compose.material3.AppBarKt$TopAppBarLayout$2$1
androidx.compose.material3.AppBarKt$TopAppBarLayout$3
androidx.compose.material3.AppBarKt$TwoRowsTopAppBar$5$1
androidx.compose.material3.AppBarKt$TwoRowsTopAppBar$6
androidx.compose.material3.AppBarKt$TwoRowsTopAppBar$7
androidx.compose.material3.AppBarKt$TwoRowsTopAppBar$actionsRow$1
androidx.compose.material3.AppBarKt$TwoRowsTopAppBar$appBarDragModifier$1$1
androidx.compose.material3.AppBarKt$TwoRowsTopAppBar$appBarDragModifier$2$1
androidx.compose.material3.AppBarKt$rememberBottomAppBarState$1$1
androidx.compose.material3.AppBarKt$rememberTopAppBarState$1$1
androidx.compose.material3.AppBarKt$settleAppBar$1
androidx.compose.material3.AppBarKt$settleAppBar$2
androidx.compose.material3.AppBarKt$settleAppBar$3
androidx.compose.material3.AppBarKt$settleAppBarBottom$1
androidx.compose.material3.AppBarKt$settleAppBarBottom$2
androidx.compose.material3.AppBarKt$settleAppBarBottom$3
androidx.compose.material3.AppBarKt
androidx.compose.material3.AssistChipDefaults
androidx.compose.material3.BadgeDefaults
androidx.compose.material3.BadgeKt$Badge$1$1
androidx.compose.material3.BadgeKt$Badge$2
androidx.compose.material3.BadgeKt$BadgedBox$2$1
androidx.compose.material3.BadgeKt$BadgedBox$3$1$1
androidx.compose.material3.BadgeKt$BadgedBox$3$1
androidx.compose.material3.BadgeKt$BadgedBox$4
androidx.compose.material3.BadgeKt
androidx.compose.material3.BaseDatePickerStateImpl
androidx.compose.material3.BottomAppBarDefaults$exitAlwaysScrollBehavior$1
androidx.compose.material3.BottomAppBarDefaults
androidx.compose.material3.BottomAppBarScrollBehavior
androidx.compose.material3.BottomAppBarState$Companion$Saver$1
androidx.compose.material3.BottomAppBarState$Companion$Saver$2
androidx.compose.material3.BottomAppBarState$Companion
androidx.compose.material3.BottomAppBarState
androidx.compose.material3.BottomAppBarStateImpl
androidx.compose.material3.BottomSheetDefaults$DragHandle$1$1
androidx.compose.material3.BottomSheetDefaults$DragHandle$2
androidx.compose.material3.BottomSheetDefaults$DragHandle$3
androidx.compose.material3.BottomSheetDefaults
androidx.compose.material3.BottomSheetScaffoldKt$BottomSheetScaffold$1
androidx.compose.material3.BottomSheetScaffoldKt$BottomSheetScaffold$2
androidx.compose.material3.BottomSheetScaffoldKt$BottomSheetScaffold$3
androidx.compose.material3.BottomSheetScaffoldKt$BottomSheetScaffold$4$1
androidx.compose.material3.BottomSheetScaffoldKt$BottomSheetScaffold$5
androidx.compose.material3.BottomSheetScaffoldKt$BottomSheetScaffoldLayout$1
androidx.compose.material3.BottomSheetScaffoldKt$BottomSheetScaffoldLayout$2$1$1$WhenMappings
androidx.compose.material3.BottomSheetScaffoldKt$BottomSheetScaffoldLayout$2$1$1
androidx.compose.material3.BottomSheetScaffoldKt$BottomSheetScaffoldLayout$2$1
androidx.compose.material3.BottomSheetScaffoldKt$BottomSheetScaffoldLayout$3
androidx.compose.material3.BottomSheetScaffoldKt$StandardBottomSheet$1$1$WhenMappings
androidx.compose.material3.BottomSheetScaffoldKt$StandardBottomSheet$1$1$newAnchors$1